# JRE version: OpenJDK Runtime Environment Temurin-17.0.10+7 (17.0.10+7) (build 17.0.10+7)
# Java VM: OpenJDK 64-Bit Server VM Temurin-17.0.10+7 (17.0.10+7, mixed mode, tiered, compressed oops, compressed class ptrs, parallel gc, windows-amd64)
GC Precious Log:
 CPUs: 8 total, 8 available
 Memory: 16072M
 Large Page Support: Disabled
 NUMA Support: Disabled
 Compressed Oops: Enabled (32-bit)
 Alignments: Space 512K, Generation 512K, Heap 2M
 Heap Min Capacity: 100M
 Heap Initial Capacity: 100M
 Heap Max Capacity: 1G
 Pre-touch: Disabled
 Parallel Workers: 8
Heap:
 PSYoungGen      total 34304K, used 20965K [0x00000000eab00000, 0x00000000edf00000, 0x0000000100000000)
  eden space 19456K, 32% used [0x00000000eab00000,0x00000000eb11f728,0x00000000ebe00000)
  from space 14848K, 98% used [0x00000000ebe00000,0x00000000ecc59d68,0x00000000ecc80000)
  to   space 15872K, 0% used [0x00000000ecf80000,0x00000000ecf80000,0x00000000edf00000)
 ParOldGen       total 318464K, used 283781K [0x00000000c0000000, 0x00000000d3700000, 0x00000000eab00000)
  object space 318464K, 89% used [0x00000000c0000000,0x00000000d15214c0,0x00000000d3700000)
 Metaspace       used 66077K, committed 67328K, reserved 1114112K
  class space    used 6990K, committed 7552K, reserved 1048576K
GC Heap History (20 events):
Event: 32.236 GC heap before
{Heap before GC invocations=119 (full 10):
 PSYoungGen      total 35840K, used 27079K [0x00000000eab00000, 0x00000000ed780000, 0x0000000100000000)
  eden space 26624K, 100% used [0x00000000eab00000,0x00000000ec500000,0x00000000ec500000)
  from space 9216K, 4% used [0x00000000ec500000,0x00000000ec571e88,0x00000000ece00000)
  to   space 8192K, 0% used [0x00000000ecf80000,0x00000000ecf80000,0x00000000ed780000)
 ParOldGen       total 318464K, used 256189K [0x00000000c0000000, 0x00000000d3700000, 0x00000000eab00000)
  object space 318464K, 80% used [0x00000000c0000000,0x00000000cfa2f568,0x00000000d3700000)
 Metaspace       used 65452K, committed 66688K, reserved 1114112K
  class space    used 6934K, committed 7488K, reserved 1048576K
}
Event: 32.256 GC heap after
{Heap after GC invocations=119 (full 10):
 PSYoungGen      total 32256K, used 3359K [0x00000000eab00000, 0x00000000ed300000, 0x0000000100000000)
  eden space 28672K, 0% used [0x00000000eab00000,0x00000000eab00000,0x00000000ec700000)
  from space 3584K, 93% used [0x00000000ecf80000,0x00000000ed2c7c80,0x00000000ed300000)
  to   space 5120K, 0% used [0x00000000ec900000,0x00000000ec900000,0x00000000ece00000)
 ParOldGen       total 318464K, used 256189K [0x00000000c0000000, 0x00000000d3700000, 0x00000000eab00000)
  object space 318464K, 80% used [0x00000000c0000000,0x00000000cfa2f568,0x00000000d3700000)
 Metaspace       used 65452K, committed 66688K, reserved 1114112K
  class space    used 6934K, committed 7488K, reserved 1048576K
}
Event: 32.306 GC heap before
{Heap before GC invocations=120 (full 10):
 PSYoungGen      total 32256K, used 32031K [0x00000000eab00000, 0x00000000ed300000, 0x0000000100000000)
  eden space 28672K, 100% used [0x00000000eab00000,0x00000000ec700000,0x00000000ec700000)
  from space 3584K, 93% used [0x00000000ecf80000,0x00000000ed2c7c80,0x00000000ed300000)
  to   space 5120K, 0% used [0x00000000ec900000,0x00000000ec900000,0x00000000ece00000)
 ParOldGen       total 318464K, used 256189K [0x00000000c0000000, 0x00000000d3700000, 0x00000000eab00000)
  object space 318464K, 80% used [0x00000000c0000000,0x00000000cfa2f568,0x00000000d3700000)
 Metaspace       used 65457K, committed 66688K, reserved 1114112K
  class space    used 6934K, committed 7488K, reserved 1048576K
}
Event: 32.309 GC heap after
{Heap after GC invocations=120 (full 10):
 PSYoungGen      total 35840K, used 5100K [0x00000000eab00000, 0x00000000ed680000, 0x0000000100000000)
  eden space 30720K, 0% used [0x00000000eab00000,0x00000000eab00000,0x00000000ec900000)
  from space 5120K, 99% used [0x00000000ec900000,0x00000000ecdfb018,0x00000000ece00000)
  to   space 6656K, 0% used [0x00000000ed000000,0x00000000ed000000,0x00000000ed680000)
 ParOldGen       total 318464K, used 256937K [0x00000000c0000000, 0x00000000d3700000, 0x00000000eab00000)
  object space 318464K, 80% used [0x00000000c0000000,0x00000000cfaea6a0,0x00000000d3700000)
 Metaspace       used 65457K, committed 66688K, reserved 1114112K
  class space    used 6934K, committed 7488K, reserved 1048576K
}
Event: 32.417 GC heap before
{Heap before GC invocations=121 (full 10):
 PSYoungGen      total 35840K, used 35820K [0x00000000eab00000, 0x00000000ed680000, 0x0000000100000000)
  eden space 30720K, 100% used [0x00000000eab00000,0x00000000ec900000,0x00000000ec900000)
  from space 5120K, 99% used [0x00000000ec900000,0x00000000ecdfb018,0x00000000ece00000)
  to   space 6656K, 0% used [0x00000000ed000000,0x00000000ed000000,0x00000000ed680000)
 ParOldGen       total 318464K, used 256937K [0x00000000c0000000, 0x00000000d3700000, 0x00000000eab00000)
  object space 318464K, 80% used [0x00000000c0000000,0x00000000cfaea6a0,0x00000000d3700000)
 Metaspace       used 65457K, committed 66688K, reserved 1114112K
  class space    used 6934K, committed 7488K, reserved 1048576K
}
Event: 32.424 GC heap after
{Heap after GC invocations=121 (full 10):
 PSYoungGen      total 32256K, used 6638K [0x00000000eab00000, 0x00000000ee380000, 0x0000000100000000)
  eden space 25600K, 0% used [0x00000000eab00000,0x00000000eab00000,0x00000000ec400000)
  from space 6656K, 99% used [0x00000000ed000000,0x00000000ed67bbc8,0x00000000ed680000)
  to   space 12288K, 0% used [0x00000000ec400000,0x00000000ec400000,0x00000000ed000000)
 ParOldGen       total 318464K, used 261234K [0x00000000c0000000, 0x00000000d3700000, 0x00000000eab00000)
  object space 318464K, 82% used [0x00000000c0000000,0x00000000cff1ca28,0x00000000d3700000)
 Metaspace       used 65457K, committed 66688K, reserved 1114112K
  class space    used 6934K, committed 7488K, reserved 1048576K
}
Event: 32.521 GC heap before
{Heap before GC invocations=122 (full 10):
 PSYoungGen      total 32256K, used 32238K [0x00000000eab00000, 0x00000000ee380000, 0x0000000100000000)
  eden space 25600K, 100% used [0x00000000eab00000,0x00000000ec400000,0x00000000ec400000)
  from space 6656K, 99% used [0x00000000ed000000,0x00000000ed67bbc8,0x00000000ed680000)
  to   space 12288K, 0% used [0x00000000ec400000,0x00000000ec400000,0x00000000ed000000)
 ParOldGen       total 318464K, used 261234K [0x00000000c0000000, 0x00000000d3700000, 0x00000000eab00000)
  object space 318464K, 82% used [0x00000000c0000000,0x00000000cff1ca28,0x00000000d3700000)
 Metaspace       used 65457K, committed 66688K, reserved 1114112K
  class space    used 6934K, committed 7488K, reserved 1048576K
}
Event: 32.528 GC heap after
{Heap after GC invocations=122 (full 10):
 PSYoungGen      total 37888K, used 11888K [0x00000000eab00000, 0x00000000edf00000, 0x0000000100000000)
  eden space 25600K, 0% used [0x00000000eab00000,0x00000000eab00000,0x00000000ec400000)
  from space 12288K, 96% used [0x00000000ec400000,0x00000000ecf9c370,0x00000000ed000000)
  to   space 12800K, 0% used [0x00000000ed280000,0x00000000ed280000,0x00000000edf00000)
 ParOldGen       total 318464K, used 261512K [0x00000000c0000000, 0x00000000d3700000, 0x00000000eab00000)
  object space 318464K, 82% used [0x00000000c0000000,0x00000000cff620d8,0x00000000d3700000)
 Metaspace       used 65457K, committed 66688K, reserved 1114112K
  class space    used 6934K, committed 7488K, reserved 1048576K
}
Event: 32.632 GC heap before
{Heap before GC invocations=123 (full 10):
 PSYoungGen      total 37888K, used 37488K [0x00000000eab00000, 0x00000000edf00000, 0x0000000100000000)
  eden space 25600K, 100% used [0x00000000eab00000,0x00000000ec400000,0x00000000ec400000)
  from space 12288K, 96% used [0x00000000ec400000,0x00000000ecf9c370,0x00000000ed000000)
  to   space 12800K, 0% used [0x00000000ed280000,0x00000000ed280000,0x00000000edf00000)
 ParOldGen       total 318464K, used 261512K [0x00000000c0000000, 0x00000000d3700000, 0x00000000eab00000)
  object space 318464K, 82% used [0x00000000c0000000,0x00000000cff620d8,0x00000000d3700000)
 Metaspace       used 65457K, committed 66688K, reserved 1114112K
  class space    used 6934K, committed 7488K, reserved 1048576K
}
Event: 32.644 GC heap after
{Heap after GC invocations=123 (full 10):
 PSYoungGen      total 34816K, used 12795K [0x00000000eab00000, 0x00000000eea00000, 0x0000000100000000)
  eden space 22016K, 0% used [0x00000000eab00000,0x00000000eab00000,0x00000000ec080000)
  from space 12800K, 99% used [0x00000000ed280000,0x00000000edefee30,0x00000000edf00000)
  to   space 18432K, 0% used [0x00000000ec080000,0x00000000ec080000,0x00000000ed280000)
 ParOldGen       total 318464K, used 265712K [0x00000000c0000000, 0x00000000d3700000, 0x00000000eab00000)
  object space 318464K, 83% used [0x00000000c0000000,0x00000000d037c308,0x00000000d3700000)
 Metaspace       used 65457K, committed 66688K, reserved 1114112K
  class space    used 6934K, committed 7488K, reserved 1048576K
}
Event: 32.732 GC heap before
{Heap before GC invocations=124 (full 10):
 PSYoungGen      total 34816K, used 34811K [0x00000000eab00000, 0x00000000eea00000, 0x0000000100000000)
  eden space 22016K, 100% used [0x00000000eab00000,0x00000000ec080000,0x00000000ec080000)
  from space 12800K, 99% used [0x00000000ed280000,0x00000000edefee30,0x00000000edf00000)
  to   space 18432K, 0% used [0x00000000ec080000,0x00000000ec080000,0x00000000ed280000)
 ParOldGen       total 318464K, used 265712K [0x00000000c0000000, 0x00000000d3700000, 0x00000000eab00000)
  object space 318464K, 83% used [0x00000000c0000000,0x00000000d037c308,0x00000000d3700000)
 Metaspace       used 65460K, committed 66688K, reserved 1114112K
  class space    used 6934K, committed 7488K, reserved 1048576K
}
Event: 32.742 GC heap after
{Heap after GC invocations=124 (full 10):
 PSYoungGen      total 36352K, used 14330K [0x00000000eab00000, 0x00000000ee080000, 0x0000000100000000)
  eden space 22016K, 0% used [0x00000000eab00000,0x00000000eab00000,0x00000000ec080000)
  from space 14336K, 99% used [0x00000000ec080000,0x00000000ece7eb48,0x00000000ece80000)
  to   space 15360K, 0% used [0x00000000ed180000,0x00000000ed180000,0x00000000ee080000)
 ParOldGen       total 318464K, used 268606K [0x00000000c0000000, 0x00000000d3700000, 0x00000000eab00000)
  object space 318464K, 84% used [0x00000000c0000000,0x00000000d064f9b8,0x00000000d3700000)
 Metaspace       used 65460K, committed 66688K, reserved 1114112K
  class space    used 6934K, committed 7488K, reserved 1048576K
}
Event: 32.835 GC heap before
{Heap before GC invocations=125 (full 10):
 PSYoungGen      total 36352K, used 36346K [0x00000000eab00000, 0x00000000ee080000, 0x0000000100000000)
  eden space 22016K, 100% used [0x00000000eab00000,0x00000000ec080000,0x00000000ec080000)
  from space 14336K, 99% used [0x00000000ec080000,0x00000000ece7eb48,0x00000000ece80000)
  to   space 15360K, 0% used [0x00000000ed180000,0x00000000ed180000,0x00000000ee080000)
 ParOldGen       total 318464K, used 268606K [0x00000000c0000000, 0x00000000d3700000, 0x00000000eab00000)
  object space 318464K, 84% used [0x00000000c0000000,0x00000000d064f9b8,0x00000000d3700000)
 Metaspace       used 65464K, committed 66688K, reserved 1114112K
  class space    used 6934K, committed 7488K, reserved 1048576K
}
Event: 32.845 GC heap after
{Heap after GC invocations=125 (full 10):
 PSYoungGen      total 34816K, used 15336K [0x00000000eab00000, 0x00000000ee980000, 0x0000000100000000)
  eden space 19456K, 0% used [0x00000000eab00000,0x00000000eab00000,0x00000000ebe00000)
  from space 15360K, 99% used [0x00000000ed180000,0x00000000ee07a290,0x00000000ee080000)
  to   space 19968K, 0% used [0x00000000ebe00000,0x00000000ebe00000,0x00000000ed180000)
 ParOldGen       total 318464K, used 272223K [0x00000000c0000000, 0x00000000d3700000, 0x00000000eab00000)
  object space 318464K, 85% used [0x00000000c0000000,0x00000000d09d7dc8,0x00000000d3700000)
 Metaspace       used 65464K, committed 66688K, reserved 1114112K
  class space    used 6934K, committed 7488K, reserved 1048576K
}
Event: 32.906 GC heap before
{Heap before GC invocations=126 (full 10):
 PSYoungGen      total 34816K, used 34792K [0x00000000eab00000, 0x00000000ee980000, 0x0000000100000000)
  eden space 19456K, 100% used [0x00000000eab00000,0x00000000ebe00000,0x00000000ebe00000)
  from space 15360K, 99% used [0x00000000ed180000,0x00000000ee07a290,0x00000000ee080000)
  to   space 19968K, 0% used [0x00000000ebe00000,0x00000000ebe00000,0x00000000ed180000)
 ParOldGen       total 318464K, used 272223K [0x00000000c0000000, 0x00000000d3700000, 0x00000000eab00000)
  object space 318464K, 85% used [0x00000000c0000000,0x00000000d09d7dc8,0x00000000d3700000)
 Metaspace       used 65676K, committed 66944K, reserved 1114112K
  class space    used 6959K, committed 7552K, reserved 1048576K
}
Event: 32.915 GC heap after
{Heap after GC invocations=126 (full 10):
 PSYoungGen      total 33792K, used 14185K [0x00000000eab00000, 0x00000000ee000000, 0x0000000100000000)
  eden space 19456K, 0% used [0x00000000eab00000,0x00000000eab00000,0x00000000ebe00000)
  from space 14336K, 98% used [0x00000000ebe00000,0x00000000ecbda420,0x00000000ecc00000)
  to   space 16384K, 0% used [0x00000000ed000000,0x00000000ed000000,0x00000000ee000000)
 ParOldGen       total 318464K, used 276913K [0x00000000c0000000, 0x00000000d3700000, 0x00000000eab00000)
  object space 318464K, 86% used [0x00000000c0000000,0x00000000d0e6c418,0x00000000d3700000)
 Metaspace       used 65676K, committed 66944K, reserved 1114112K
  class space    used 6959K, committed 7552K, reserved 1048576K
}
Event: 32.994 GC heap before
{Heap before GC invocations=127 (full 10):
 PSYoungGen      total 33792K, used 33641K [0x00000000eab00000, 0x00000000ee000000, 0x0000000100000000)
  eden space 19456K, 100% used [0x00000000eab00000,0x00000000ebe00000,0x00000000ebe00000)
  from space 14336K, 98% used [0x00000000ebe00000,0x00000000ecbda420,0x00000000ecc00000)
  to   space 16384K, 0% used [0x00000000ed000000,0x00000000ed000000,0x00000000ee000000)
 ParOldGen       total 318464K, used 276913K [0x00000000c0000000, 0x00000000d3700000, 0x00000000eab00000)
  object space 318464K, 86% used [0x00000000c0000000,0x00000000d0e6c418,0x00000000d3700000)
 Metaspace       used 65969K, committed 67200K, reserved 1114112K
  class space    used 6989K, committed 7552K, reserved 1048576K
}
Event: 33.001 GC heap after
{Heap after GC invocations=127 (full 10):
 PSYoungGen      total 35840K, used 16357K [0x00000000eab00000, 0x00000000ee400000, 0x0000000100000000)
  eden space 19456K, 0% used [0x00000000eab00000,0x00000000eab00000,0x00000000ebe00000)
  from space 16384K, 99% used [0x00000000ed000000,0x00000000edff94c0,0x00000000ee000000)
  to   space 18432K, 0% used [0x00000000ebe00000,0x00000000ebe00000,0x00000000ed000000)
 ParOldGen       total 318464K, used 277898K [0x00000000c0000000, 0x00000000d3700000, 0x00000000eab00000)
  object space 318464K, 87% used [0x00000000c0000000,0x00000000d0f62938,0x00000000d3700000)
 Metaspace       used 65969K, committed 67200K, reserved 1114112K
  class space    used 6989K, committed 7552K, reserved 1048576K
}
Event: 33.143 GC heap before
{Heap before GC invocations=128 (full 10):
 PSYoungGen      total 35840K, used 35813K [0x00000000eab00000, 0x00000000ee400000, 0x0000000100000000)
  eden space 19456K, 100% used [0x00000000eab00000,0x00000000ebe00000,0x00000000ebe00000)
  from space 16384K, 99% used [0x00000000ed000000,0x00000000edff94c0,0x00000000ee000000)
  to   space 18432K, 0% used [0x00000000ebe00000,0x00000000ebe00000,0x00000000ed000000)
 ParOldGen       total 318464K, used 277898K [0x00000000c0000000, 0x00000000d3700000, 0x00000000eab00000)
  object space 318464K, 87% used [0x00000000c0000000,0x00000000d0f62938,0x00000000d3700000)
 Metaspace       used 66045K, committed 67264K, reserved 1114112K
  class space    used 6990K, committed 7552K, reserved 1048576K
}
Event: 33.153 GC heap after
{Heap after GC invocations=128 (full 10):
 PSYoungGen      total 34304K, used 14695K [0x00000000eab00000, 0x00000000edf00000, 0x0000000100000000)
  eden space 19456K, 0% used [0x00000000eab00000,0x00000000eab00000,0x00000000ebe00000)
  from space 14848K, 98% used [0x00000000ebe00000,0x00000000ecc59d68,0x00000000ecc80000)
  to   space 15872K, 0% used [0x00000000ecf80000,0x00000000ecf80000,0x00000000edf00000)
 ParOldGen       total 318464K, used 283781K [0x00000000c0000000, 0x00000000d3700000, 0x00000000eab00000)
  object space 318464K, 89% used [0x00000000c0000000,0x00000000d15214c0,0x00000000d3700000)
 Metaspace       used 66045K, committed 67264K, reserved 1114112K
  class space    used 6990K, committed 7552K, reserved 1048576K
}

